Wed, 10 Jan 2018 21:38:44 douban.py[line:107] INFO Write information succeed!
Wed, 10 Jan 2018 21:38:45 douban.py[line:340] INFO https://movie.douban.com/subject/26662193/?from=showing succeed! Already finish 0/15000

Wed, 10 Jan 2018 21:39:04 douban.py[line:283] INFO https://movie.douban.com/subject/26662193/?from=showing is in 0
Wed, 10 Jan 2018 21:39:06 douban.py[line:340] INFO https://movie.douban.com/subject/22265634/?from=showing succeed! Already finish 1/15000

Wed, 10 Jan 2018 21:39:27 douban.py[line:283] INFO https://movie.douban.com/subject/22265634/?from=showing is in 1
Wed, 10 Jan 2018 21:39:28 douban.py[line:340] INFO https://movie.douban.com/subject/26862829/?from=showing succeed! Already finish 2/15000

Wed, 10 Jan 2018 21:39:42 douban.py[line:283] INFO https://movie.douban.com/subject/26862829/?from=showing is in 2
Wed, 10 Jan 2018 21:39:43 douban.py[line:340] INFO https://movie.douban.com/subject/26797419/?from=showing succeed! Already finish 3/15000

Wed, 10 Jan 2018 21:40:00 douban.py[line:283] INFO https://movie.douban.com/subject/26797419/?from=showing is in 3
Wed, 10 Jan 2018 21:40:01 douban.py[line:340] INFO https://movie.douban.com/subject/26966580/?from=showing succeed! Already finish 4/15000

Wed, 10 Jan 2018 21:40:18 douban.py[line:283] INFO https://movie.douban.com/subject/26966580/?from=showing is in 4
Wed, 10 Jan 2018 21:40:19 douban.py[line:340] INFO https://movie.douban.com/subject/26654146/?from=showing succeed! Already finish 5/15000

Wed, 10 Jan 2018 21:40:37 douban.py[line:283] INFO https://movie.douban.com/subject/26654146/?from=showing is in 5
Wed, 10 Jan 2018 21:40:40 douban.py[line:340] INFO https://movie.douban.com/subject/20495023/?from=showing succeed! Already finish 6/15000

Wed, 10 Jan 2018 21:41:01 douban.py[line:283] INFO https://movie.douban.com/subject/20495023/?from=showing is in 6
Wed, 10 Jan 2018 21:41:02 douban.py[line:340] INFO https://movie.douban.com/subject/26729868/?from=showing succeed! Already finish 7/15000

Wed, 10 Jan 2018 21:41:15 douban.py[line:283] INFO https://movie.douban.com/subject/26729868/?from=showing is in 7
Wed, 10 Jan 2018 21:41:15 douban.py[line:340] INFO https://movie.douban.com/subject/26774722/?from=showing succeed! Already finish 8/15000

Wed, 10 Jan 2018 21:41:32 douban.py[line:283] INFO https://movie.douban.com/subject/26774722/?from=showing is in 8
Wed, 10 Jan 2018 21:41:33 douban.py[line:340] INFO https://movie.douban.com/subject/27193475/?from=showing succeed! Already finish 9/15000

Wed, 10 Jan 2018 21:41:54 douban.py[line:283] INFO https://movie.douban.com/subject/27193475/?from=showing is in 9
Wed, 10 Jan 2018 21:41:55 douban.py[line:340] INFO https://movie.douban.com/subject/26340419/?from=showing succeed! Already finish 10/15000

Wed, 10 Jan 2018 21:42:08 douban.py[line:283] INFO https://movie.douban.com/subject/26340419/?from=showing is in 10
Wed, 10 Jan 2018 21:42:09 douban.py[line:340] INFO https://movie.douban.com/subject/26887161/?from=showing succeed! Already finish 11/15000

Wed, 10 Jan 2018 21:42:23 douban.py[line:283] INFO https://movie.douban.com/subject/26887161/?from=showing is in 11
Wed, 10 Jan 2018 21:42:24 douban.py[line:340] INFO https://movie.douban.com/subject/27170581/?from=showing succeed! Already finish 12/15000

Wed, 10 Jan 2018 21:42:43 douban.py[line:283] INFO https://movie.douban.com/subject/27170581/?from=showing is in 12
Wed, 10 Jan 2018 21:42:44 douban.py[line:340] INFO https://movie.douban.com/subject/26923563/?from=showing succeed! Already finish 13/15000

Wed, 10 Jan 2018 21:43:01 douban.py[line:283] INFO https://movie.douban.com/subject/26923563/?from=showing is in 13
Wed, 10 Jan 2018 21:43:02 douban.py[line:340] INFO https://movie.douban.com/subject/26661191/?from=showing succeed! Already finish 14/15000

Wed, 10 Jan 2018 21:43:02 douban.py[line:107] INFO Write information succeed!
Wed, 10 Jan 2018 21:43:21 douban.py[line:283] INFO https://movie.douban.com/subject/26661191/?from=showing is in 14
Wed, 10 Jan 2018 21:43:22 douban.py[line:340] INFO https://movie.douban.com/subject/27614421/?from=showing succeed! Already finish 15/15000

Wed, 10 Jan 2018 21:43:35 douban.py[line:283] INFO https://movie.douban.com/subject/27614421/?from=showing is in 15
Wed, 10 Jan 2018 21:43:36 douban.py[line:340] INFO https://movie.douban.com/subject/27054612/?from=showing succeed! Already finish 16/15000

Wed, 10 Jan 2018 21:43:54 douban.py[line:283] INFO https://movie.douban.com/subject/27054612/?from=showing is in 16
Wed, 10 Jan 2018 21:43:55 douban.py[line:340] INFO https://movie.douban.com/subject/27008416/?from=reviews succeed! Already finish 17/15000

Wed, 10 Jan 2018 21:44:05 douban.py[line:283] INFO https://movie.douban.com/subject/27008416/?from=reviews is in 17
Wed, 10 Jan 2018 21:44:06 douban.py[line:340] INFO https://movie.douban.com/subject/20273820/?from=reviews succeed! Already finish 18/15000

Wed, 10 Jan 2018 21:44:22 douban.py[line:283] INFO https://movie.douban.com/subject/20273820/?from=reviews is in 18
Wed, 10 Jan 2018 21:44:23 douban.py[line:340] INFO https://movie.douban.com/subject/26966580/?from=subject-page succeed! Already finish 19/15000

Wed, 10 Jan 2018 21:44:33 douban.py[line:283] INFO https://movie.douban.com/subject/26966580/?from=subject-page is in 19
Wed, 10 Jan 2018 21:44:34 douban.py[line:340] INFO https://movie.douban.com/subject/24751754/?from=subject-page succeed! Already finish 20/15000

Wed, 10 Jan 2018 21:44:49 douban.py[line:283] INFO https://movie.douban.com/subject/24751754/?from=subject-page is in 20
Wed, 10 Jan 2018 21:44:50 douban.py[line:340] INFO https://movie.douban.com/subject/27038183/?from=subject-page succeed! Already finish 21/15000

Wed, 10 Jan 2018 21:45:08 douban.py[line:283] INFO https://movie.douban.com/subject/27038183/?from=subject-page is in 21
Wed, 10 Jan 2018 21:45:09 douban.py[line:340] INFO https://movie.douban.com/subject/26879060/?from=subject-page succeed! Already finish 22/15000

Wed, 10 Jan 2018 21:45:29 douban.py[line:283] INFO https://movie.douban.com/subject/26879060/?from=subject-page is in 22
Wed, 10 Jan 2018 21:45:37 douban.py[line:294] ERROR https://movie.douban.com/subject/26280528/?from=subject-page error !
Error is HTTPSConnectionPool(host='movie.douban.com', port=443): Read timed out. (read timeout=5)!
 Wait a moment!

Wed, 10 Jan 2018 21:45:49 douban.py[line:340] INFO https://movie.douban.com/subject/26280528/?from=subject-page succeed! Already finish 23/15000

Wed, 10 Jan 2018 21:46:03 douban.py[line:340] INFO https://movie.douban.com/subject/26797419/?from=subject-page succeed! Already finish 24/15000

Wed, 10 Jan 2018 21:46:18 douban.py[line:283] INFO https://movie.douban.com/subject/26797419/?from=subject-page is in 24
Wed, 10 Jan 2018 21:46:19 douban.py[line:340] INFO https://movie.douban.com/subject/26926321/?from=subject-page succeed! Already finish 25/15000

Wed, 10 Jan 2018 21:46:30 douban.py[line:283] INFO https://movie.douban.com/subject/26926321/?from=subject-page is in 25
Wed, 10 Jan 2018 21:46:32 douban.py[line:340] INFO https://movie.douban.com/subject/26816383/?from=subject-page succeed! Already finish 26/15000

Wed, 10 Jan 2018 21:46:53 douban.py[line:283] INFO https://movie.douban.com/subject/26816383/?from=subject-page is in 26
Wed, 10 Jan 2018 21:46:54 douban.py[line:340] INFO https://movie.douban.com/subject/27037539/?from=subject-page succeed! Already finish 27/15000

Wed, 10 Jan 2018 21:47:08 douban.py[line:283] INFO https://movie.douban.com/subject/27037539/?from=subject-page is in 27
Wed, 10 Jan 2018 21:47:09 douban.py[line:340] INFO https://movie.douban.com/subject/26279433/?from=subject-page succeed! Already finish 28/15000

Wed, 10 Jan 2018 21:47:22 douban.py[line:283] INFO https://movie.douban.com/subject/26279433/?from=subject-page is in 28
Wed, 10 Jan 2018 21:47:23 douban.py[line:340] INFO https://movie.douban.com/subject/25894431/?from=subject-page succeed! Already finish 29/15000

Wed, 10 Jan 2018 21:47:23 douban.py[line:107] INFO Write information succeed!
Wed, 10 Jan 2018 21:47:42 douban.py[line:283] INFO https://movie.douban.com/subject/25894431/?from=subject-page is in 29
Wed, 10 Jan 2018 21:47:43 douban.py[line:340] INFO https://movie.douban.com/subject/10512661/?from=subject-page succeed! Already finish 30/15000

Wed, 10 Jan 2018 21:47:58 douban.py[line:283] INFO https://movie.douban.com/subject/10512661/?from=subject-page is in 30
Wed, 10 Jan 2018 21:48:00 douban.py[line:340] INFO https://movie.douban.com/subject/22939161/?from=subject-page succeed! Already finish 31/15000

Wed, 10 Jan 2018 21:48:12 douban.py[line:283] INFO https://movie.douban.com/subject/22939161/?from=subject-page is in 31
Wed, 10 Jan 2018 21:48:13 douban.py[line:294] ERROR https://movie.douban.com/subject/21324900/?from=subject-page error !
Error is Exceeded 30 redirects.!
 Wait a moment!

Wed, 10 Jan 2018 21:48:24 douban.py[line:294] ERROR https://movie.douban.com/subject/21324900/?from=subject-page error !
Error is Exceeded 30 redirects.!
 Wait a moment!

Wed, 10 Jan 2018 21:48:37 douban.py[line:294] ERROR https://movie.douban.com/subject/10485647/?from=subject-page error !
Error is Exceeded 30 redirects.!
 Wait a moment!

Wed, 10 Jan 2018 21:48:48 douban.py[line:294] ERROR https://movie.douban.com/subject/10485647/?from=subject-page error !
Error is Exceeded 30 redirects.!
 Wait a moment!

Wed, 10 Jan 2018 21:49:00 douban.py[line:294] ERROR https://movie.douban.com/subject/25820460/?from=subject-page error !
Error is Exceeded 30 redirects.!
 Wait a moment!

Wed, 10 Jan 2018 21:49:12 douban.py[line:294] ERROR https://movie.douban.com/subject/25820460/?from=subject-page error !
Error is Exceeded 30 redirects.!
 Wait a moment!

Wed, 10 Jan 2018 21:49:23 douban.py[line:294] ERROR https://movie.douban.com/subject/25864085/?from=subject-page error !
Error is Exceeded 30 redirects.!
 Wait a moment!

Wed, 10 Jan 2018 21:49:35 douban.py[line:294] ERROR https://movie.douban.com/subject/25864085/?from=subject-page error !
Error is Exceeded 30 redirects.!
 Wait a moment!

Wed, 10 Jan 2018 21:49:47 douban.py[line:294] ERROR https://movie.douban.com/subject/25937854/?from=subject-page error !
Error is Exceeded 30 redirects.!
 Wait a moment!

Wed, 10 Jan 2018 21:49:58 douban.py[line:294] ERROR https://movie.douban.com/subject/25937854/?from=subject-page error !
Error is Exceeded 30 redirects.!
 Wait a moment!

Wed, 10 Jan 2018 21:50:08 douban.py[line:340] INFO https://movie.douban.com/subject/25821634/?from=subject-page succeed! Already finish 32/15000

Wed, 10 Jan 2018 21:50:18 douban.py[line:283] INFO https://movie.douban.com/subject/25821634/?from=subject-page is in 32
Wed, 10 Jan 2018 21:50:19 douban.py[line:340] INFO https://movie.douban.com/subject/26607693/?from=subject-page succeed! Already finish 33/15000

Wed, 10 Jan 2018 21:50:34 douban.py[line:283] INFO https://movie.douban.com/subject/26607693/?from=subject-page is in 33
Wed, 10 Jan 2018 21:50:34 douban.py[line:340] INFO https://movie.douban.com/subject/27019527/?from=subject-page succeed! Already finish 34/15000

Wed, 10 Jan 2018 21:50:44 douban.py[line:283] INFO https://movie.douban.com/subject/27019527/?from=subject-page is in 34
Wed, 10 Jan 2018 21:50:44 douban.py[line:340] INFO https://movie.douban.com/subject/27024903/?from=subject-page succeed! Already finish 35/15000

Wed, 10 Jan 2018 21:51:03 douban.py[line:283] INFO https://movie.douban.com/subject/27024903/?from=subject-page is in 35
Wed, 10 Jan 2018 21:51:03 douban.py[line:340] INFO https://movie.douban.com/subject/25983044/?from=subject-page succeed! Already finish 36/15000

Wed, 10 Jan 2018 21:51:20 douban.py[line:283] INFO https://movie.douban.com/subject/25983044/?from=subject-page is in 36
Wed, 10 Jan 2018 21:51:21 douban.py[line:340] INFO https://movie.douban.com/subject/25827935/?from=subject-page succeed! Already finish 37/15000

Wed, 10 Jan 2018 21:51:32 douban.py[line:283] INFO https://movie.douban.com/subject/25827935/?from=subject-page is in 37
Wed, 10 Jan 2018 21:51:32 douban.py[line:340] INFO https://movie.douban.com/subject/26325320/?from=subject-page succeed! Already finish 38/15000

Wed, 10 Jan 2018 21:51:44 douban.py[line:283] INFO https://movie.douban.com/subject/26325320/?from=subject-page is in 38
Wed, 10 Jan 2018 21:51:44 douban.py[line:340] INFO https://movie.douban.com/subject/24751756/?from=subject-page succeed! Already finish 39/15000

Wed, 10 Jan 2018 21:51:54 douban.py[line:283] INFO https://movie.douban.com/subject/24751756/?from=subject-page is in 39
Wed, 10 Jan 2018 21:51:54 douban.py[line:283] INFO https://movie.douban.com/subject/26966580/?from=subject-page is in 19
Wed, 10 Jan 2018 21:51:54 douban.py[line:283] INFO https://movie.douban.com/subject/26966580/?from=subject-page is in 19
Wed, 10 Jan 2018 21:51:54 douban.py[line:283] INFO https://movie.douban.com/subject/27038183/?from=subject-page is in 21
Wed, 10 Jan 2018 21:51:54 douban.py[line:283] INFO https://movie.douban.com/subject/27038183/?from=subject-page is in 21
Wed, 10 Jan 2018 21:51:54 douban.py[line:283] INFO https://movie.douban.com/subject/27037539/?from=subject-page is in 27
Wed, 10 Jan 2018 21:51:54 douban.py[line:283] INFO https://movie.douban.com/subject/27037539/?from=subject-page is in 27
Wed, 10 Jan 2018 21:51:54 douban.py[line:340] INFO https://movie.douban.com/subject/26662193/?from=subject-page succeed! Already finish 40/15000

Wed, 10 Jan 2018 21:52:06 douban.py[line:283] INFO https://movie.douban.com/subject/26662193/?from=subject-page is in 40
Wed, 10 Jan 2018 21:52:06 douban.py[line:340] INFO https://movie.douban.com/subject/26661191/?from=subject-page succeed! Already finish 41/15000

Wed, 10 Jan 2018 21:52:24 douban.py[line:283] INFO https://movie.douban.com/subject/26661191/?from=subject-page is in 41
Wed, 10 Jan 2018 21:52:24 douban.py[line:340] INFO https://movie.douban.com/subject/25823277/?from=subject-page succeed! Already finish 42/15000

Wed, 10 Jan 2018 21:52:41 douban.py[line:283] INFO https://movie.douban.com/subject/25823277/?from=subject-page is in 42
Wed, 10 Jan 2018 21:52:42 douban.py[line:340] INFO https://movie.douban.com/subject/26811605/?from=subject-page succeed! Already finish 43/15000

Wed, 10 Jan 2018 21:53:01 douban.py[line:283] INFO https://movie.douban.com/subject/26811605/?from=subject-page is in 43
Wed, 10 Jan 2018 21:53:01 douban.py[line:340] INFO https://movie.douban.com/subject/26336256/?from=subject-page succeed! Already finish 44/15000

Wed, 10 Jan 2018 21:53:01 douban.py[line:107] INFO Write information succeed!
Wed, 10 Jan 2018 21:53:19 douban.py[line:283] INFO https://movie.douban.com/subject/26336256/?from=subject-page is in 44
Wed, 10 Jan 2018 21:53:19 douban.py[line:340] INFO https://movie.douban.com/subject/26754831/?from=subject-page succeed! Already finish 45/15000

Wed, 10 Jan 2018 21:53:32 douban.py[line:283] INFO https://movie.douban.com/subject/26754831/?from=subject-page is in 45
Wed, 10 Jan 2018 21:53:32 douban.py[line:340] INFO https://movie.douban.com/subject/26898747/?from=subject-page succeed! Already finish 46/15000

Wed, 10 Jan 2018 21:53:53 douban.py[line:283] INFO https://movie.douban.com/subject/26898747/?from=subject-page is in 46
Wed, 10 Jan 2018 21:53:53 douban.py[line:283] INFO https://movie.douban.com/subject/27037539/?from=subject-page is in 27
Wed, 10 Jan 2018 21:53:53 douban.py[line:283] INFO https://movie.douban.com/subject/27037539/?from=subject-page is in 27
Wed, 10 Jan 2018 21:53:53 douban.py[line:283] INFO https://movie.douban.com/subject/26811605/?from=subject-page is in 43
Wed, 10 Jan 2018 21:53:53 douban.py[line:283] INFO https://movie.douban.com/subject/26811605/?from=subject-page is in 43
Wed, 10 Jan 2018 21:53:53 douban.py[line:340] INFO https://movie.douban.com/subject/26850326/?from=subject-page succeed! Already finish 47/15000

Wed, 10 Jan 2018 21:54:12 douban.py[line:283] INFO https://movie.douban.com/subject/26850326/?from=subject-page is in 47
Wed, 10 Jan 2018 21:54:12 douban.py[line:340] INFO https://movie.douban.com/subject/26389696/?from=subject-page succeed! Already finish 48/15000

Wed, 10 Jan 2018 21:54:26 douban.py[line:283] INFO https://movie.douban.com/subject/26389696/?from=subject-page is in 48
Wed, 10 Jan 2018 21:54:27 douban.py[line:340] INFO https://movie.douban.com/subject/26691509/?from=subject-page succeed! Already finish 49/15000

Wed, 10 Jan 2018 21:54:40 douban.py[line:283] INFO https://movie.douban.com/subject/26691509/?from=subject-page is in 49
Wed, 10 Jan 2018 21:54:40 douban.py[line:283] INFO https://movie.douban.com/subject/26898747/?from=subject-page is in 46
Wed, 10 Jan 2018 21:54:40 douban.py[line:283] INFO https://movie.douban.com/subject/26898747/?from=subject-page is in 46
Wed, 10 Jan 2018 21:54:40 douban.py[line:340] INFO https://movie.douban.com/subject/26711487/?from=subject-page succeed! Already finish 50/15000

Wed, 10 Jan 2018 21:54:53 douban.py[line:283] INFO https://movie.douban.com/subject/26711487/?from=subject-page is in 50
Wed, 10 Jan 2018 21:54:53 douban.py[line:340] INFO https://movie.douban.com/subject/26290365/?from=subject-page succeed! Already finish 51/15000

Wed, 10 Jan 2018 21:55:09 douban.py[line:283] INFO https://movie.douban.com/subject/26290365/?from=subject-page is in 51
Wed, 10 Jan 2018 21:55:09 douban.py[line:340] INFO https://movie.douban.com/subject/26816087/?from=subject-page succeed! Already finish 52/15000

Wed, 10 Jan 2018 21:55:19 douban.py[line:283] INFO https://movie.douban.com/subject/26816087/?from=subject-page is in 52
Wed, 10 Jan 2018 21:55:19 douban.py[line:340] INFO https://movie.douban.com/subject/26334559/?from=subject-page succeed! Already finish 53/15000

Wed, 10 Jan 2018 21:55:39 douban.py[line:283] INFO https://movie.douban.com/subject/26334559/?from=subject-page is in 53
Wed, 10 Jan 2018 21:55:39 douban.py[line:340] INFO https://movie.douban.com/subject/26946692/?from=subject-page succeed! Already finish 54/15000

Wed, 10 Jan 2018 21:55:55 douban.py[line:283] INFO https://movie.douban.com/subject/26946692/?from=subject-page is in 54
Wed, 10 Jan 2018 21:55:55 douban.py[line:283] INFO https://movie.douban.com/subject/26662193/?from=subject-page is in 40
Wed, 10 Jan 2018 21:55:55 douban.py[line:283] INFO https://movie.douban.com/subject/26662193/?from=subject-page is in 40
Wed, 10 Jan 2018 21:55:56 douban.py[line:340] INFO https://movie.douban.com/subject/27040349/?from=subject-page succeed! Already finish 55/15000

Wed, 10 Jan 2018 21:56:06 douban.py[line:283] INFO https://movie.douban.com/subject/27040349/?from=subject-page is in 55
Wed, 10 Jan 2018 21:56:06 douban.py[line:283] INFO https://movie.douban.com/subject/26280528/?from=subject-page is in 23
Wed, 10 Jan 2018 21:56:06 douban.py[line:283] INFO https://movie.douban.com/subject/26280528/?from=subject-page is in 23
Wed, 10 Jan 2018 21:56:06 douban.py[line:340] INFO https://movie.douban.com/subject/26890502/?from=subject-page succeed! Already finish 56/15000

Wed, 10 Jan 2018 21:56:23 douban.py[line:283] INFO https://movie.douban.com/subject/26890502/?from=subject-page is in 56
Wed, 10 Jan 2018 21:56:23 douban.py[line:340] INFO https://movie.douban.com/subject/27131241/?from=subject-page succeed! Already finish 57/15000

Wed, 10 Jan 2018 21:56:33 douban.py[line:283] INFO https://movie.douban.com/subject/27131241/?from=subject-page is in 57
Wed, 10 Jan 2018 21:56:33 douban.py[line:340] INFO https://movie.douban.com/subject/26774722/?from=subject-page succeed! Already finish 58/15000

Wed, 10 Jan 2018 21:56:52 douban.py[line:283] INFO https://movie.douban.com/subject/26774722/?from=subject-page is in 58
Wed, 10 Jan 2018 21:56:52 douban.py[line:340] INFO https://movie.douban.com/subject/26382962/?from=subject-page succeed! Already finish 59/15000

Wed, 10 Jan 2018 21:56:52 douban.py[line:107] INFO Write information succeed!
Wed, 10 Jan 2018 21:57:13 douban.py[line:283] INFO https://movie.douban.com/subject/26382962/?from=subject-page is in 59
Wed, 10 Jan 2018 21:57:14 douban.py[line:340] INFO https://movie.douban.com/subject/26677981/?from=subject-page succeed! Already finish 60/15000

Wed, 10 Jan 2018 21:57:31 douban.py[line:283] INFO https://movie.douban.com/subject/26677981/?from=subject-page is in 60
Wed, 10 Jan 2018 21:57:31 douban.py[line:283] INFO https://movie.douban.com/subject/26661191/?from=subject-page is in 41
Wed, 10 Jan 2018 21:57:31 douban.py[line:283] INFO https://movie.douban.com/subject/26661191/?from=subject-page is in 41
Wed, 10 Jan 2018 21:57:31 douban.py[line:340] INFO https://movie.douban.com/subject/10533913/?from=subject-page succeed! Already finish 61/15000

Wed, 10 Jan 2018 21:57:43 douban.py[line:283] INFO https://movie.douban.com/subject/10533913/?from=subject-page is in 61
Wed, 10 Jan 2018 21:57:43 douban.py[line:340] INFO https://movie.douban.com/subject/26340419/?from=subject-page succeed! Already finish 62/15000

Wed, 10 Jan 2018 21:57:56 douban.py[line:283] INFO https://movie.douban.com/subject/26340419/?from=subject-page is in 62
Wed, 10 Jan 2018 21:57:56 douban.py[line:340] INFO https://movie.douban.com/subject/26683290/?from=subject-page succeed! Already finish 63/15000

Wed, 10 Jan 2018 21:58:17 douban.py[line:283] INFO https://movie.douban.com/subject/26683290/?from=subject-page is in 63
Wed, 10 Jan 2018 21:58:17 douban.py[line:340] INFO https://movie.douban.com/subject/25980443/?from=subject-page succeed! Already finish 64/15000

Wed, 10 Jan 2018 21:58:29 douban.py[line:283] INFO https://movie.douban.com/subject/25980443/?from=subject-page is in 64
Wed, 10 Jan 2018 21:58:30 douban.py[line:340] INFO https://movie.douban.com/subject/26387939/?from=subject-page succeed! Already finish 65/15000

Wed, 10 Jan 2018 21:58:43 douban.py[line:283] INFO https://movie.douban.com/subject/26387939/?from=subject-page is in 65
Wed, 10 Jan 2018 21:58:43 douban.py[line:283] INFO https://movie.douban.com/subject/26966580/?from=subject-page is in 19
Wed, 10 Jan 2018 21:58:43 douban.py[line:283] INFO https://movie.douban.com/subject/26966580/?from=subject-page is in 19
Wed, 10 Jan 2018 21:58:43 douban.py[line:283] INFO https://movie.douban.com/subject/26661191/?from=subject-page is in 41
Wed, 10 Jan 2018 21:58:43 douban.py[line:283] INFO https://movie.douban.com/subject/26661191/?from=subject-page is in 41
Wed, 10 Jan 2018 21:58:43 douban.py[line:340] INFO https://movie.douban.com/subject/26348414/?from=subject-page succeed! Already finish 66/15000

Wed, 10 Jan 2018 21:58:58 douban.py[line:283] INFO https://movie.douban.com/subject/26348414/?from=subject-page is in 66
Wed, 10 Jan 2018 21:58:58 douban.py[line:340] INFO https://movie.douban.com/subject/25824686/?from=subject-page succeed! Already finish 67/15000

Wed, 10 Jan 2018 21:59:09 douban.py[line:283] INFO https://movie.douban.com/subject/25824686/?from=subject-page is in 67
Wed, 10 Jan 2018 21:59:09 douban.py[line:283] INFO https://movie.douban.com/subject/26811605/?from=subject-page is in 43
Wed, 10 Jan 2018 21:59:09 douban.py[line:283] INFO https://movie.douban.com/subject/26811605/?from=subject-page is in 43
Wed, 10 Jan 2018 21:59:09 douban.py[line:340] INFO https://movie.douban.com/subject/26426099/?from=subject-page succeed! Already finish 68/15000

Wed, 10 Jan 2018 21:59:26 douban.py[line:283] INFO https://movie.douban.com/subject/26426099/?from=subject-page is in 68
Wed, 10 Jan 2018 21:59:26 douban.py[line:340] INFO https://movie.douban.com/subject/26182910/?from=subject-page succeed! Already finish 69/15000

Wed, 10 Jan 2018 21:59:45 douban.py[line:283] INFO https://movie.douban.com/subject/26182910/?from=subject-page is in 69
Wed, 10 Jan 2018 21:59:45 douban.py[line:340] INFO https://movie.douban.com/subject/24529353/?from=subject-page succeed! Already finish 70/15000

Wed, 10 Jan 2018 21:59:59 douban.py[line:283] INFO https://movie.douban.com/subject/24529353/?from=subject-page is in 70
Wed, 10 Jan 2018 21:59:59 douban.py[line:283] INFO https://movie.douban.com/subject/27037539/?from=subject-page is in 27
Wed, 10 Jan 2018 21:59:59 douban.py[line:283] INFO https://movie.douban.com/subject/27037539/?from=subject-page is in 27
Wed, 10 Jan 2018 22:00:00 douban.py[line:340] INFO https://movie.douban.com/subject/26667056/?from=subject-page succeed! Already finish 71/15000

Wed, 10 Jan 2018 22:00:13 douban.py[line:283] INFO https://movie.douban.com/subject/26667056/?from=subject-page is in 71
Wed, 10 Jan 2018 22:00:13 douban.py[line:340] INFO https://movie.douban.com/subject/25790761/?from=subject-page succeed! Already finish 72/15000

Wed, 10 Jan 2018 22:00:23 douban.py[line:283] INFO https://movie.douban.com/subject/25790761/?from=subject-page is in 72
Wed, 10 Jan 2018 22:00:25 douban.py[line:340] INFO https://movie.douban.com/subject/26606743/?from=subject-page succeed! Already finish 73/15000

